Base path: C:/Program Files (x86)/Unity/Editor/Data
Pipe name: \\.\pipe\UnityShaderCompiler-8-8880
Cmd: getPlatforms
Cmd: compileSnippet
  api=0 type=0 insize=4310 outsize=436 kw=DIRECTIONAL LIGHTMAP_ON DIRLIGHTMAP_ON ok=1
Cmd: compileSnippet
  api=0 type=1 insize=4310 outsize=314 kw=DIRECTIONAL LIGHTMAP_ON DIRLIGHTMAP_OFF ok=1
Cmd: compileSnippet
  api=8 type=1 insize=4310 outsize=1658 kw=DIRECTIONAL LIGHTMAP_ON DIRLIGHTMAP_ON ok=1
Cmd: compileSnippet
  api=4 type=0 insize=2268 outsize=1851 kw=DIRECTIONAL ok=1
Cmd: compileSnippet
  api=1 type=0 insize=2268 outsize=402 kw=SPOT ok=1
Cmd: compileSnippet
  api=4 type=0 insize=2268 outsize=2542 kw=DIRECTIONAL_COOKIE ok=1
Cmd: compileSnippet
  api=4 type=1 insize=2268 outsize=1193 kw=DIRECTIONAL ok=1
Cmd: compileSnippet
  api=0 type=1 insize=2268 outsize=630 kw=POINT_COOKIE ok=1
Cmd: compileSnippet
  api=8 type=1 insize=2268 outsize=2129 kw=DIRECTIONAL_COOKIE ok=1
Cmd: compileSnippet
  api=4 type=0 insize=5081 outsize=2249 kw=DIRECTIONAL LIGHTMAP_ON DIRLIGHTMAP_OFF ok=1
Cmd: compileSnippet
  api=1 type=0 insize=5081 outsize=748 kw=DIRECTIONAL LIGHTMAP_ON DIRLIGHTMAP_ON ok=1
Cmd: compileSnippet
  api=8 type=1 insize=5081 outsize=4160 kw=DIRECTIONAL LIGHTMAP_OFF DIRLIGHTMAP_OFF ok=1
Cmd: compileSnippet
  api=0 type=0 insize=3014 outsize=1471 kw=DIRECTIONAL ok=1
Cmd: compileSnippet
  api=0 type=0 insize=3014 outsize=1667 kw=POINT_COOKIE ok=1
Cmd: compileSnippet
  api=1 type=1 insize=3014 outsize=1066 kw=POINT ok=1
Cmd: compileSnippet
  api=8 type=1 insize=3014 outsize=5330 kw=SPOT ok=1
Cmd: compileSnippet
  api=1 type=0 insize=6536 outsize=1458 kw=DIRECTIONAL LIGHTMAP_ON DIRLIGHTMAP_OFF ok=1
Cmd: compileSnippet
  api=4 type=0 insize=6536 outsize=3070 kw=DIRECTIONAL LIGHTMAP_ON DIRLIGHTMAP_ON ok=1
Cmd: compileSnippet
  api=1 type=1 insize=6536 outsize=823 kw=DIRECTIONAL LIGHTMAP_OFF DIRLIGHTMAP_OFF ok=1
Cmd: compileSnippet
  api=4 type=1 insize=6536 outsize=2558 kw=DIRECTIONAL LIGHTMAP_ON DIRLIGHTMAP_ON ok=1
Cmd: compileSnippet
  api=8 type=0 insize=4408 outsize=5371 kw=DIRECTIONAL ok=1
Cmd: compileSnippet
  api=8 type=0 insize=4408 outsize=6866 kw=POINT_COOKIE ok=1
Cmd: compileSnippet
  api=0 type=1 insize=4408 outsize=964 kw=DIRECTIONAL ok=1
Cmd: compileSnippet
  api=4 type=1 insize=4408 outsize=3533 kw=SPOT ok=1
Unhandled exception: Readfile from pipe failed. GLE=The pipe has been ended.


Quitting shader compiler process
