Base path: C:/Program Files (x86)/Unity/Editor/Data
Pipe name: \\.\pipe\UnityShaderCompiler-7-7276
Cmd: getPlatforms
Cmd: compileSnippet
  api=8 type=0 insize=4310 outsize=2048 kw=DIRECTIONAL LIGHTMAP_ON DIRLIGHTMAP_OFF ok=1
Cmd: compileSnippet
  api=8 type=0 insize=4310 outsize=6582 kw=DIRECTIONAL LIGHTMAP_OFF DIRLIGHTMAP_OFF VERTEXLIGHT_ON ok=1
Cmd: compileSnippet
  api=4 type=1 insize=4310 outsize=1128 kw=DIRECTIONAL LIGHTMAP_ON DIRLIGHTMAP_OFF ok=1
Cmd: compileSnippet
  api=0 type=0 insize=2268 outsize=817 kw=POINT ok=1
Cmd: compileSnippet
  api=0 type=0 insize=2268 outsize=817 kw=POINT_COOKIE ok=1
Cmd: compileSnippet
  api=1 type=1 insize=2268 outsize=412 kw=POINT ok=1
Cmd: compileSnippet
  api=4 type=1 insize=2268 outsize=2103 kw=SPOT ok=1
Cmd: compileSnippet
  api=0 type=0 insize=5081 outsize=1842 kw=DIRECTIONAL LIGHTMAP_OFF DIRLIGHTMAP_OFF ok=1
Cmd: compileSnippet
  api=8 type=0 insize=5081 outsize=8044 kw=DIRECTIONAL LIGHTMAP_OFF DIRLIGHTMAP_OFF VERTEXLIGHT_ON ok=1
Cmd: compileSnippet
  api=4 type=1 insize=5081 outsize=2379 kw=DIRECTIONAL LIGHTMAP_ON DIRLIGHTMAP_OFF ok=1
Cmd: compileSnippet
  api=0 type=0 insize=3014 outsize=1667 kw=POINT ok=1
Cmd: compileSnippet
  api=4 type=0 insize=3014 outsize=3655 kw=POINT_COOKIE ok=1
Cmd: compileSnippet
  api=0 type=1 insize=3014 outsize=1275 kw=POINT ok=1
Cmd: compileSnippet
  api=4 type=1 insize=3014 outsize=3387 kw=SPOT ok=1
Cmd: compileSnippet
  api=8 type=1 insize=3014 outsize=4372 kw=DIRECTIONAL_COOKIE ok=1
Cmd: compileSnippet
  api=4 type=0 insize=6536 outsize=3070 kw=DIRECTIONAL LIGHTMAP_ON DIRLIGHTMAP_OFF ok=1
Cmd: compileSnippet
  api=1 type=0 insize=6536 outsize=1458 kw=DIRECTIONAL LIGHTMAP_ON DIRLIGHTMAP_ON ok=1
Cmd: compileSnippet
  api=8 type=1 insize=6536 outsize=4250 kw=DIRECTIONAL LIGHTMAP_OFF DIRLIGHTMAP_OFF ok=1
Cmd: compileSnippet
  api=8 type=0 insize=4408 outsize=6866 kw=POINT ok=1
Cmd: compileSnippet
  api=1 type=1 insize=4408 outsize=936 kw=POINT ok=1
Cmd: compileSnippet
  api=8 type=1 insize=4408 outsize=5387 kw=SPOT ok=1
Unhandled exception: Readfile from pipe failed. GLE=The pipe has been ended.


Quitting shader compiler process
